11:52:45 **** Incremental Build of configuration release for project WandstemMac ****
make MODE=release -j4 all 
cd src && make
make[1]: Entering directory '/home/paolo/src/wandstem-mac/simulator/WandstemMac/src'
Node.cpp
RootNode.cpp
network_module/maccontext.cpp
network_module/macphase.cpp
network_module/mediumaccesscontroller.cpp
network_module/network_configuration.cpp
network_module/assignment/assignmentphase.cpp
network_module/assignment/dynamicassignmentphase.cpp
network_module/assignment/lasthopassignmentphase.cpp
network_module/assignment/masterassignmentphase.cpp
network_module/flooding/floodingphase.cpp
network_module/flooding/hookingfloodingphase.cpp
network_module/flooding/masterfloodingphase.cpp
network_module/flooding/periodiccheckfloodingphase.cpp
network_module/macround/dynamicmacround.cpp
network_module/macround/macround.cpp
network_module/macround/mastermacround.cpp
network_module/reservation/dynamicreservationphase.cpp
network_module/reservation/lasthopreservationphase.cpp
network_module/reservation/masterreservationphase.cpp
network_module/reservation/reservationphase.cpp
network_module/roundtrip/askingroundtripphase.cpp
network_module/roundtrip/listeningroundtripphase.cpp
network_module/roundtrip/roundtripphase.cpp
network_module/topology_discovery/dynamic_topology_discovery_phase.cpp
network_module/topology_discovery/master_topology_discovery_phase.cpp
network_module/topology_discovery/topology_context.cpp
network_module/topology_discovery/topology_map.cpp
network_module/topology_discovery/topologydiscoveryphase.cpp
Creating executable: ../out/gcc-release/src/WandstemMac
make[1]: Leaving directory '/home/paolo/src/wandstem-mac/simulator/WandstemMac/src'

11:52:58 Build Finished (took 13s.499ms)

